-------------------------------------------------------------------------------
Test set: com.orangehrm.runners.TestRunnerGeneral
-------------------------------------------------------------------------------
Tests run: 1, Failures: 1, Errors: 0, Skipped: 0, Time elapsed: 7.997 s <<< FAILURE! - in com.orangehrm.runners.TestRunnerGeneral
Add Employee Labels Verification(Add Employee)  Time elapsed: 7.708 s  <<< FAILURE!
java.lang.AssertionError

